INFO:     Will watch for changes in these directories: ['/repositorio/nirvana/backend/basiclogin']
INFO:     Uvicorn running on http://0.0.0.0:9050 (Press CTRL+C to quit)
INFO:     Started reloader process [1870123] using StatReload
INFO:     Started server process [1870127]
INFO:     Waiting for application startup.
INFO:     Application startup complete.
INFO:     217.216.208.236:0 - "GET / HTTP/1.1" 404 Not Found
INFO:     217.216.208.236:0 - "GET /docs HTTP/1.1" 200 OK
WARNING:  StatReload detected changes in 'app/main.py'. Reloading...
INFO:     Shutting down
INFO:     Waiting for application shutdown.
INFO:     Application shutdown complete.
INFO:     Finished server process [1870127]
INFO:     Started server process [1870306]
INFO:     Waiting for application startup.
INFO:     Application startup complete.
WARNING:  StatReload detected changes in 'app/main.py'. Reloading...
INFO:     Shutting down
INFO:     Waiting for application shutdown.
INFO:     Application shutdown complete.
INFO:     Finished server process [1870306]
Process SpawnProcess-3:
Traceback (most recent call last):
  File "/usr/lib/python3.12/multiprocessing/process.py", line 314, in _bootstrap
    self.run()
  File "/usr/lib/python3.12/multiprocessing/process.py", line 108, in run
    self._target(*self._args, **self._kwargs)
  File "/repositorio/nirvana/backend/basiclogin/venv/lib/python3.12/site-packages/uvicorn/_subprocess.py", line 80, in subprocess_started
    target(sockets=sockets)
  File "/repositorio/nirvana/backend/basiclogin/venv/lib/python3.12/site-packages/uvicorn/server.py", line 65, in run
    return asyncio.run(self.serve(sockets=sockets))
           ^^^^^^^^^^^^^^^^^^^^^^^^^^^^^^^^^^^^^^^^
  File "/usr/lib/python3.12/asyncio/runners.py", line 194, in run
    return runner.run(main)
           ^^^^^^^^^^^^^^^^
  File "/usr/lib/python3.12/asyncio/runners.py", line 118, in run
    return self._loop.run_until_complete(task)
           ^^^^^^^^^^^^^^^^^^^^^^^^^^^^^^^^^^^
  File "/usr/lib/python3.12/asyncio/base_events.py", line 687, in run_until_complete
    return future.result()
           ^^^^^^^^^^^^^^^
  File "/repositorio/nirvana/backend/basiclogin/venv/lib/python3.12/site-packages/uvicorn/server.py", line 69, in serve
    await self._serve(sockets)
  File "/repositorio/nirvana/backend/basiclogin/venv/lib/python3.12/site-packages/uvicorn/server.py", line 76, in _serve
    config.load()
  File "/repositorio/nirvana/backend/basiclogin/venv/lib/python3.12/site-packages/uvicorn/config.py", line 434, in load
    self.loaded_app = import_from_string(self.app)
                      ^^^^^^^^^^^^^^^^^^^^^^^^^^^^
  File "/repositorio/nirvana/backend/basiclogin/venv/lib/python3.12/site-packages/uvicorn/importer.py", line 19, in import_from_string
    module = importlib.import_module(module_str)
             ^^^^^^^^^^^^^^^^^^^^^^^^^^^^^^^^^^^
  File "/usr/lib/python3.12/importlib/__init__.py", line 90, in import_module
    return _bootstrap._gcd_import(name[level:], package, level)
           ^^^^^^^^^^^^^^^^^^^^^^^^^^^^^^^^^^^^^^^^^^^^^^^^^^^^
  File "<frozen importlib._bootstrap>", line 1387, in _gcd_import
  File "<frozen importlib._bootstrap>", line 1360, in _find_and_load
  File "<frozen importlib._bootstrap>", line 1331, in _find_and_load_unlocked
  File "<frozen importlib._bootstrap>", line 935, in _load_unlocked
  File "<frozen importlib._bootstrap_external>", line 995, in exec_module
  File "<frozen importlib._bootstrap>", line 488, in _call_with_frames_removed
  File "/repositorio/nirvana/backend/basiclogin/app/main.py", line 115, in <module>
    CORSMiddleware,
    ^^^^^^^^^^^^^^
NameError: name 'CORSMiddleware' is not defined
WARNING:  StatReload detected changes in 'app/main.py'. Reloading...
Process SpawnProcess-4:
Traceback (most recent call last):
  File "/usr/lib/python3.12/multiprocessing/process.py", line 314, in _bootstrap
    self.run()
  File "/usr/lib/python3.12/multiprocessing/process.py", line 108, in run
    self._target(*self._args, **self._kwargs)
  File "/repositorio/nirvana/backend/basiclogin/venv/lib/python3.12/site-packages/uvicorn/_subprocess.py", line 80, in subprocess_started
    target(sockets=sockets)
  File "/repositorio/nirvana/backend/basiclogin/venv/lib/python3.12/site-packages/uvicorn/server.py", line 65, in run
    return asyncio.run(self.serve(sockets=sockets))
           ^^^^^^^^^^^^^^^^^^^^^^^^^^^^^^^^^^^^^^^^
  File "/usr/lib/python3.12/asyncio/runners.py", line 194, in run
    return runner.run(main)
           ^^^^^^^^^^^^^^^^
  File "/usr/lib/python3.12/asyncio/runners.py", line 118, in run
    return self._loop.run_until_complete(task)
           ^^^^^^^^^^^^^^^^^^^^^^^^^^^^^^^^^^^
  File "/usr/lib/python3.12/asyncio/base_events.py", line 687, in run_until_complete
    return future.result()
           ^^^^^^^^^^^^^^^
  File "/repositorio/nirvana/backend/basiclogin/venv/lib/python3.12/site-packages/uvicorn/server.py", line 69, in serve
    await self._serve(sockets)
  File "/repositorio/nirvana/backend/basiclogin/venv/lib/python3.12/site-packages/uvicorn/server.py", line 76, in _serve
    config.load()
  File "/repositorio/nirvana/backend/basiclogin/venv/lib/python3.12/site-packages/uvicorn/config.py", line 434, in load
    self.loaded_app = import_from_string(self.app)
                      ^^^^^^^^^^^^^^^^^^^^^^^^^^^^
  File "/repositorio/nirvana/backend/basiclogin/venv/lib/python3.12/site-packages/uvicorn/importer.py", line 19, in import_from_string
    module = importlib.import_module(module_str)
             ^^^^^^^^^^^^^^^^^^^^^^^^^^^^^^^^^^^
  File "/usr/lib/python3.12/importlib/__init__.py", line 90, in import_module
    return _bootstrap._gcd_import(name[level:], package, level)
           ^^^^^^^^^^^^^^^^^^^^^^^^^^^^^^^^^^^^^^^^^^^^^^^^^^^^
  File "<frozen importlib._bootstrap>", line 1387, in _gcd_import
  File "<frozen importlib._bootstrap>", line 1360, in _find_and_load
  File "<frozen importlib._bootstrap>", line 1331, in _find_and_load_unlocked
  File "<frozen importlib._bootstrap>", line 935, in _load_unlocked
  File "<frozen importlib._bootstrap_external>", line 995, in exec_module
  File "<frozen importlib._bootstrap>", line 488, in _call_with_frames_removed
  File "/repositorio/nirvana/backend/basiclogin/app/main.py", line 115, in <module>
    CORSMiddleware,
    ^^^^^^^^^^^^^^
NameError: name 'CORSMiddleware' is not defined
WARNING:  StatReload detected changes in 'app/main.py'. Reloading...
Process SpawnProcess-5:
Traceback (most recent call last):
  File "/usr/lib/python3.12/multiprocessing/process.py", line 314, in _bootstrap
    self.run()
  File "/usr/lib/python3.12/multiprocessing/process.py", line 108, in run
    self._target(*self._args, **self._kwargs)
  File "/repositorio/nirvana/backend/basiclogin/venv/lib/python3.12/site-packages/uvicorn/_subprocess.py", line 80, in subprocess_started
    target(sockets=sockets)
  File "/repositorio/nirvana/backend/basiclogin/venv/lib/python3.12/site-packages/uvicorn/server.py", line 65, in run
    return asyncio.run(self.serve(sockets=sockets))
           ^^^^^^^^^^^^^^^^^^^^^^^^^^^^^^^^^^^^^^^^
  File "/usr/lib/python3.12/asyncio/runners.py", line 194, in run
    return runner.run(main)
           ^^^^^^^^^^^^^^^^
  File "/usr/lib/python3.12/asyncio/runners.py", line 118, in run
    return self._loop.run_until_complete(task)
           ^^^^^^^^^^^^^^^^^^^^^^^^^^^^^^^^^^^
  File "/usr/lib/python3.12/asyncio/base_events.py", line 687, in run_until_complete
    return future.result()
           ^^^^^^^^^^^^^^^
  File "/repositorio/nirvana/backend/basiclogin/venv/lib/python3.12/site-packages/uvicorn/server.py", line 69, in serve
    await self._serve(sockets)
  File "/repositorio/nirvana/backend/basiclogin/venv/lib/python3.12/site-packages/uvicorn/server.py", line 76, in _serve
    config.load()
  File "/repositorio/nirvana/backend/basiclogin/venv/lib/python3.12/site-packages/uvicorn/config.py", line 434, in load
    self.loaded_app = import_from_string(self.app)
                      ^^^^^^^^^^^^^^^^^^^^^^^^^^^^
  File "/repositorio/nirvana/backend/basiclogin/venv/lib/python3.12/site-packages/uvicorn/importer.py", line 19, in import_from_string
    module = importlib.import_module(module_str)
             ^^^^^^^^^^^^^^^^^^^^^^^^^^^^^^^^^^^
  File "/usr/lib/python3.12/importlib/__init__.py", line 90, in import_module
    return _bootstrap._gcd_import(name[level:], package, level)
           ^^^^^^^^^^^^^^^^^^^^^^^^^^^^^^^^^^^^^^^^^^^^^^^^^^^^
  File "<frozen importlib._bootstrap>", line 1387, in _gcd_import
  File "<frozen importlib._bootstrap>", line 1360, in _find_and_load
  File "<frozen importlib._bootstrap>", line 1331, in _find_and_load_unlocked
  File "<frozen importlib._bootstrap>", line 935, in _load_unlocked
  File "<frozen importlib._bootstrap_external>", line 995, in exec_module
  File "<frozen importlib._bootstrap>", line 488, in _call_with_frames_removed
  File "/repositorio/nirvana/backend/basiclogin/app/main.py", line 115, in <module>
    CORSMiddleware,
    ^^^^^^^^^^^^^^
NameError: name 'CORSMiddleware' is not defined
WARNING:  StatReload detected changes in 'app/main.py'. Reloading...
Process SpawnProcess-6:
Traceback (most recent call last):
  File "/usr/lib/python3.12/multiprocessing/process.py", line 314, in _bootstrap
    self.run()
  File "/usr/lib/python3.12/multiprocessing/process.py", line 108, in run
    self._target(*self._args, **self._kwargs)
  File "/repositorio/nirvana/backend/basiclogin/venv/lib/python3.12/site-packages/uvicorn/_subprocess.py", line 80, in subprocess_started
    target(sockets=sockets)
  File "/repositorio/nirvana/backend/basiclogin/venv/lib/python3.12/site-packages/uvicorn/server.py", line 65, in run
    return asyncio.run(self.serve(sockets=sockets))
           ^^^^^^^^^^^^^^^^^^^^^^^^^^^^^^^^^^^^^^^^
  File "/usr/lib/python3.12/asyncio/runners.py", line 194, in run
    return runner.run(main)
           ^^^^^^^^^^^^^^^^
  File "/usr/lib/python3.12/asyncio/runners.py", line 118, in run
    return self._loop.run_until_complete(task)
           ^^^^^^^^^^^^^^^^^^^^^^^^^^^^^^^^^^^
  File "/usr/lib/python3.12/asyncio/base_events.py", line 687, in run_until_complete
    return future.result()
           ^^^^^^^^^^^^^^^
  File "/repositorio/nirvana/backend/basiclogin/venv/lib/python3.12/site-packages/uvicorn/server.py", line 69, in serve
    await self._serve(sockets)
  File "/repositorio/nirvana/backend/basiclogin/venv/lib/python3.12/site-packages/uvicorn/server.py", line 76, in _serve
    config.load()
  File "/repositorio/nirvana/backend/basiclogin/venv/lib/python3.12/site-packages/uvicorn/config.py", line 434, in load
    self.loaded_app = import_from_string(self.app)
                      ^^^^^^^^^^^^^^^^^^^^^^^^^^^^
  File "/repositorio/nirvana/backend/basiclogin/venv/lib/python3.12/site-packages/uvicorn/importer.py", line 19, in import_from_string
    module = importlib.import_module(module_str)
             ^^^^^^^^^^^^^^^^^^^^^^^^^^^^^^^^^^^
  File "/usr/lib/python3.12/importlib/__init__.py", line 90, in import_module
    return _bootstrap._gcd_import(name[level:], package, level)
           ^^^^^^^^^^^^^^^^^^^^^^^^^^^^^^^^^^^^^^^^^^^^^^^^^^^^
  File "<frozen importlib._bootstrap>", line 1387, in _gcd_import
  File "<frozen importlib._bootstrap>", line 1360, in _find_and_load
  File "<frozen importlib._bootstrap>", line 1331, in _find_and_load_unlocked
  File "<frozen importlib._bootstrap>", line 935, in _load_unlocked
  File "<frozen importlib._bootstrap_external>", line 995, in exec_module
  File "<frozen importlib._bootstrap>", line 488, in _call_with_frames_removed
  File "/repositorio/nirvana/backend/basiclogin/app/main.py", line 115, in <module>
    CORSMiddleware,
    ^^^^^^^^^^^^^^
NameError: name 'CORSMiddleware' is not defined
WARNING:  StatReload detected changes in 'app/main.py'. Reloading...
Process SpawnProcess-7:
Traceback (most recent call last):
  File "/usr/lib/python3.12/multiprocessing/process.py", line 314, in _bootstrap
    self.run()
  File "/usr/lib/python3.12/multiprocessing/process.py", line 108, in run
    self._target(*self._args, **self._kwargs)
  File "/repositorio/nirvana/backend/basiclogin/venv/lib/python3.12/site-packages/uvicorn/_subprocess.py", line 80, in subprocess_started
    target(sockets=sockets)
  File "/repositorio/nirvana/backend/basiclogin/venv/lib/python3.12/site-packages/uvicorn/server.py", line 65, in run
    return asyncio.run(self.serve(sockets=sockets))
           ^^^^^^^^^^^^^^^^^^^^^^^^^^^^^^^^^^^^^^^^
  File "/usr/lib/python3.12/asyncio/runners.py", line 194, in run
    return runner.run(main)
           ^^^^^^^^^^^^^^^^
  File "/usr/lib/python3.12/asyncio/runners.py", line 118, in run
    return self._loop.run_until_complete(task)
           ^^^^^^^^^^^^^^^^^^^^^^^^^^^^^^^^^^^
  File "/usr/lib/python3.12/asyncio/base_events.py", line 687, in run_until_complete
    return future.result()
           ^^^^^^^^^^^^^^^
  File "/repositorio/nirvana/backend/basiclogin/venv/lib/python3.12/site-packages/uvicorn/server.py", line 69, in serve
    await self._serve(sockets)
  File "/repositorio/nirvana/backend/basiclogin/venv/lib/python3.12/site-packages/uvicorn/server.py", line 76, in _serve
    config.load()
  File "/repositorio/nirvana/backend/basiclogin/venv/lib/python3.12/site-packages/uvicorn/config.py", line 434, in load
    self.loaded_app = import_from_string(self.app)
                      ^^^^^^^^^^^^^^^^^^^^^^^^^^^^
  File "/repositorio/nirvana/backend/basiclogin/venv/lib/python3.12/site-packages/uvicorn/importer.py", line 19, in import_from_string
    module = importlib.import_module(module_str)
             ^^^^^^^^^^^^^^^^^^^^^^^^^^^^^^^^^^^
  File "/usr/lib/python3.12/importlib/__init__.py", line 90, in import_module
    return _bootstrap._gcd_import(name[level:], package, level)
           ^^^^^^^^^^^^^^^^^^^^^^^^^^^^^^^^^^^^^^^^^^^^^^^^^^^^
  File "<frozen importlib._bootstrap>", line 1387, in _gcd_import
  File "<frozen importlib._bootstrap>", line 1360, in _find_and_load
  File "<frozen importlib._bootstrap>", line 1331, in _find_and_load_unlocked
  File "<frozen importlib._bootstrap>", line 935, in _load_unlocked
  File "<frozen importlib._bootstrap_external>", line 995, in exec_module
  File "<frozen importlib._bootstrap>", line 488, in _call_with_frames_removed
  File "/repositorio/nirvana/backend/basiclogin/app/main.py", line 115, in <module>
    CORSMiddleware,
    ^^^^^^^^^^^^^^
NameError: name 'CORSMiddleware' is not defined
WARNING:  StatReload detected changes in 'app/main.py'. Reloading...
INFO:     Started server process [1870320]
INFO:     Waiting for application startup.
INFO:     Application startup complete.
WARNING:  StatReload detected changes in 'app/main.py'. Reloading...
INFO:     Shutting down
INFO:     Waiting for application shutdown.
INFO:     Application shutdown complete.
INFO:     Finished server process [1870320]
INFO:     Started server process [1870327]
INFO:     Waiting for application startup.
INFO:     Application startup complete.
INFO:     217.216.208.236:0 - "GET /docs HTTP/1.1" 200 OK
INFO:     217.216.208.236:0 - "GET /openapi.json HTTP/1.1" 200 OK
INFO:     217.216.208.236:0 - "POST /register HTTP/1.1" 200 OK
INFO:     217.216.208.236:0 - "POST /register HTTP/1.1" 401 Unauthorized
INFO:     217.216.208.236:0 - "POST /register HTTP/1.1" 200 OK
INFO:     217.216.208.236:0 - "POST /login HTTP/1.1" 200 OK
INFO:     217.216.208.236:0 - "GET /user/me HTTP/1.1" 200 OK
WARNING:  StatReload detected changes in 'app/main.py'. Reloading...
INFO:     Shutting down
INFO:     Waiting for application shutdown.
INFO:     Application shutdown complete.
INFO:     Finished server process [1870327]
INFO:     Started server process [1870921]
INFO:     Waiting for application startup.
INFO:     Application startup complete.
WARNING:  StatReload detected changes in 'app/main.py'. Reloading...
INFO:     Shutting down
INFO:     Waiting for application shutdown.
INFO:     Application shutdown complete.
INFO:     Finished server process [1870921]
INFO:     Started server process [1870923]
INFO:     Waiting for application startup.
INFO:     Application startup complete.
INFO:     217.216.208.236:0 - "POST /register HTTP/1.1" 400 Bad Request
INFO:     217.216.208.236:0 - "GET /health HTTP/1.1" 404 Not Found
INFO:     217.216.208.236:0 - "GET /health/ HTTP/1.1" 404 Not Found
INFO:     217.216.208.236:0 - "GET /health/ HTTP/1.1" 404 Not Found
INFO:     217.216.208.236:0 - "GET /health/ HTTP/1.1" 404 Not Found
INFO:     217.216.208.236:0 - "GET /health/ HTTP/1.1" 404 Not Found
INFO:     217.216.208.236:0 - "GET /health/ HTTP/1.1" 404 Not Found
INFO:     217.216.208.236:0 - "GET /health/ HTTP/1.1" 404 Not Found
INFO:     217.216.208.236:0 - "GET /health/ HTTP/1.1" 404 Not Found
INFO:     217.216.208.236:0 - "GET /health/ HTTP/1.1" 404 Not Found
INFO:     217.216.208.236:0 - "GET /health/ HTTP/1.1" 404 Not Found
INFO:     217.216.208.236:0 - "GET /health/ HTTP/1.1" 404 Not Found
INFO:     217.216.208.236:0 - "GET /health/ HTTP/1.1" 404 Not Found
INFO:     217.216.208.236:0 - "GET /health/ HTTP/1.1" 404 Not Found
INFO:     217.216.208.236:0 - "GET /health/ HTTP/1.1" 404 Not Found
INFO:     217.216.208.236:0 - "GET /health/ HTTP/1.1" 404 Not Found
INFO:     217.216.208.236:0 - "GET /health/ HTTP/1.1" 404 Not Found
INFO:     217.216.208.236:0 - "GET /health/ HTTP/1.1" 404 Not Found
INFO:     217.216.208.236:0 - "GET /health/ HTTP/1.1" 404 Not Found
INFO:     217.216.208.236:0 - "GET /health/ HTTP/1.1" 404 Not Found
INFO:     217.216.208.236:0 - "GET /health/ HTTP/1.1" 404 Not Found
INFO:     217.216.208.236:0 - "GET /health/ HTTP/1.1" 404 Not Found
INFO:     217.216.208.236:0 - "GET /health/ HTTP/1.1" 404 Not Found
INFO:     217.216.208.236:0 - "GET /health/ HTTP/1.1" 404 Not Found
INFO:     217.216.208.236:0 - "GET /health/ HTTP/1.1" 404 Not Found
INFO:     217.216.208.236:0 - "GET /health/ HTTP/1.1" 404 Not Found
INFO:     217.216.208.236:0 - "GET /health/ HTTP/1.1" 404 Not Found
INFO:     217.216.208.236:0 - "GET /health/ HTTP/1.1" 404 Not Found
INFO:     217.216.208.236:0 - "GET /health/ HTTP/1.1" 404 Not Found
INFO:     217.216.208.236:0 - "GET /health/ HTTP/1.1" 404 Not Found
INFO:     217.216.208.236:0 - "GET /health/ HTTP/1.1" 404 Not Found
INFO:     217.216.208.236:0 - "GET /health/ HTTP/1.1" 404 Not Found
INFO:     217.216.208.236:0 - "GET /health/ HTTP/1.1" 404 Not Found
INFO:     217.216.208.236:0 - "GET /health/ HTTP/1.1" 404 Not Found
INFO:     217.216.208.236:0 - "GET /health/ HTTP/1.1" 404 Not Found
INFO:     217.216.208.236:0 - "GET /health/ HTTP/1.1" 404 Not Found
INFO:     217.216.208.236:0 - "GET /health/ HTTP/1.1" 404 Not Found
INFO:     217.216.208.236:0 - "GET /health/ HTTP/1.1" 404 Not Found
INFO:     217.216.208.236:0 - "GET /health/ HTTP/1.1" 404 Not Found
INFO:     217.216.208.236:0 - "GET /health/ HTTP/1.1" 404 Not Found
INFO:     217.216.208.236:0 - "GET /health/ HTTP/1.1" 404 Not Found
